<?xml version="1.0" encoding="UTF-8"?>
<!-- Generated by org.testng.reporters.JUnitXMLReporter -->
<testsuite ignored="0" hostname="MANGESH-DELL2020" failures="0" tests="4" name="Nopackage" time="206.991" errors="0" timestamp="2022-05-23T23:44:29 IST">
  <testcase classname="com.gisfy.testscripts.tc001" name="TC001" time="41.878"/>
  <testcase classname="com.gisfy.testscripts.tc002" name="TC002" time="82.021"/>
  <testcase classname="com.gisfy.testscripts.tc003" name="TC003" time="36.177"/>
  <testcase classname="com.gisfy.testscripts.tc004" name="TC004" time="45.669"/>
</testsuite> <!-- Nopackage -->
