<?xml version="1.0" encoding="UTF-8"?>
<testng-results ignored="0" total="4" passed="4" failed="0" skipped="0">
  <reporter-output>
    <line>
      <![CDATA[Application opened]]>
    </line>
    <line>
      <![CDATA[Sign completed]]>
    </line>
    <line>
      <![CDATA[Application opened]]>
    </line>
    <line>
      <![CDATA[Sign completed]]>
    </line>
    <line>
      <![CDATA[New User Details Entered Successfully]]>
    </line>
    <line>
      <![CDATA[Application opened]]>
    </line>
    <line>
      <![CDATA[Sign completed]]>
    </line>
    <line>
      <![CDATA[Edit Successfully]]>
    </line>
    <line>
      <![CDATA[Application opened]]>
    </line>
    <line>
      <![CDATA[Sign completed]]>
    </line>
    <line>
      <![CDATA[Delete Successfully]]>
    </line>
  </reporter-output>
  <suite started-at="2022-05-23T23:41:01 IST" name="Suite1" finished-at="2022-05-23T23:44:28 IST" duration-ms="206991">
    <groups>
    </groups>
    <test started-at="2022-05-23T23:41:01 IST" name="Nopackage" finished-at="2022-05-23T23:44:28 IST" duration-ms="206991">
      <class name="com.gisfy.testscripts.tc001">
        <test-method signature="TC001()[pri:0, instance:com.gisfy.testscripts.tc001@3c407114]" started-at="2022-05-23T23:41:01 IST" name="TC001" finished-at="2022-05-23T23:41:43 IST" duration-ms="41878" status="PASS">
          <reporter-output>
            <line>
              <![CDATA[Application opened]]>
            </line>
            <line>
              <![CDATA[Sign completed]]>
            </line>
          </reporter-output>
        </test-method> <!-- TC001 -->
      </class> <!-- com.gisfy.testscripts.tc001 -->
      <class name="com.gisfy.testscripts.tc004">
        <test-method signature="TC004()[pri:0, instance:com.gisfy.testscripts.tc004@20ce78ec]" started-at="2022-05-23T23:43:43 IST" name="TC004" finished-at="2022-05-23T23:44:28 IST" duration-ms="45669" status="PASS">
          <reporter-output>
            <line>
              <![CDATA[Application opened]]>
            </line>
            <line>
              <![CDATA[Sign completed]]>
            </line>
            <line>
              <![CDATA[Delete Successfully]]>
            </line>
          </reporter-output>
        </test-method> <!-- TC004 -->
      </class> <!-- com.gisfy.testscripts.tc004 -->
      <class name="com.gisfy.testscripts.tc003">
        <test-method signature="TC003()[pri:0, instance:com.gisfy.testscripts.tc003@7714e963]" started-at="2022-05-23T23:43:06 IST" name="TC003" finished-at="2022-05-23T23:43:43 IST" duration-ms="36177" status="PASS">
          <reporter-output>
            <line>
              <![CDATA[Application opened]]>
            </line>
            <line>
              <![CDATA[Sign completed]]>
            </line>
            <line>
              <![CDATA[Edit Successfully]]>
            </line>
          </reporter-output>
        </test-method> <!-- TC003 -->
      </class> <!-- com.gisfy.testscripts.tc003 -->
      <class name="com.gisfy.testscripts.tc002">
        <test-method signature="TC002()[pri:0, instance:com.gisfy.testscripts.tc002@1dde4cb2]" started-at="2022-05-23T23:41:44 IST" name="TC002" finished-at="2022-05-23T23:43:06 IST" duration-ms="82021" status="PASS">
          <reporter-output>
            <line>
              <![CDATA[Application opened]]>
            </line>
            <line>
              <![CDATA[Sign completed]]>
            </line>
            <line>
              <![CDATA[New User Details Entered Successfully]]>
            </line>
          </reporter-output>
        </test-method> <!-- TC002 -->
      </class> <!-- com.gisfy.testscripts.tc002 -->
    </test> <!-- Nopackage -->
  </suite> <!-- Suite1 -->
</testng-results>
